<?xml version="1.0" encoding="UTF-8"?>
<!-- Generated by org.testng.reporters.JUnitReportReporter -->
<testsuite hostname="DESKTOP-G8O6OG0" failures="0" tests="4" name="com.TestNGDemos.D02MultipleTests" time="25.988" errors="0" timestamp="2024-10-08T20:13:14 IST" skipped="0">
  <testcase classname="com.TestNGDemos.D02MultipleTests" name="testMeesho" time="6.235"/>
  <testcase classname="com.TestNGDemos.D02MultipleTests" name="testMyntra" time="6.613"/>
  <testcase classname="com.TestNGDemos.D02MultipleTests" name="testFlipkart" time="6.249"/>
  <testcase classname="com.TestNGDemos.D02MultipleTests" name="testAmazon" time="6.891"/>
</testsuite> <!-- com.TestNGDemos.D02MultipleTests -->
