<?xml version="1.0" encoding="UTF-8"?>
<!-- Generated by org.testng.reporters.JUnitReportReporter -->
<testsuite hostname="DESKTOP-G8O6OG0" failures="0" tests="3" name="com.Assignments.D07OHRM_Login_Logout" time="10.118" errors="0" timestamp="2024-10-14T19:20:53 IST" skipped="0">
  <testcase classname="com.Assignments.D07OHRM_Login_Logout" name="login" time="5.757"/>
  <testcase classname="com.Assignments.D07OHRM_Login_Logout" name="login1" time="2.842"/>
  <testcase classname="com.Assignments.D07OHRM_Login_Logout" name="login3" time="1.519"/>
</testsuite> <!-- com.Assignments.D07OHRM_Login_Logout -->
