<?xml version="1.0" encoding="UTF-8"?>
<!-- Generated by org.testng.reporters.JUnitReportReporter -->
<testsuite hostname="DESKTOP-G8O6OG0" failures="0" tests="4" name="com.TestNGDemos.D05FlipkartAssignment" time="15.144" errors="0" timestamp="2024-10-19T19:11:58 IST" skipped="0">
  <testcase classname="com.TestNGDemos.D05FlipkartAssignment" name="mobiles" time="4.700"/>
  <testcase classname="com.TestNGDemos.D05FlipkartAssignment" name="tv" time="5.188"/>
  <testcase classname="com.TestNGDemos.D05FlipkartAssignment" name="fashion" time="2.393"/>
  <testcase classname="com.TestNGDemos.D05FlipkartAssignment" name="beauty" time="2.863"/>
</testsuite> <!-- com.TestNGDemos.D05FlipkartAssignment -->
