<?xml version="1.0" encoding="UTF-8"?>
<!-- Generated by org.testng.reporters.JUnitReportReporter -->
<testsuite hostname="DESKTOP-G8O6OG0" failures="0" tests="1" name="com.TestNGDemos.D08Parameterization" time="6.422" errors="0" timestamp="2024-10-21T19:14:22 IST" skipped="0">
  <testcase classname="com.TestNGDemos.D08Parameterization" name="login" time="6.422"/>
</testsuite> <!-- com.TestNGDemos.D08Parameterization -->
