<?xml version="1.0" encoding="UTF-8"?>
<!-- Generated by org.testng.reporters.JUnitReportReporter -->
<testsuite hostname="DESKTOP-G8O6OG0" failures="0" tests="2" name="com.TestNGDemos.D12ReadData" time="0.019" errors="0" timestamp="2024-10-26T20:26:22 IST" skipped="1">
  <testcase classname="com.TestNGDemos.D12ReadData" name="getAllData" time="0.019"/>
  <testcase classname="com.TestNGDemos.D12ReadData" name="readData">
    <skipped/>
  </testcase> <!-- readData -->
</testsuite> <!-- com.TestNGDemos.D12ReadData -->
