<?xml version="1.0" encoding="UTF-8"?>
<!-- Generated by org.testng.reporters.JUnitReportReporter -->
<testsuite hostname="DESKTOP-G8O6OG0" failures="0" tests="2" name="com.TestNGDemos.D05FlipkartAssignment" time="8.961" errors="0" timestamp="2024-10-18T19:32:13 IST" skipped="0">
  <testcase classname="com.TestNGDemos.D05FlipkartAssignment" name="mobiles" time="3.724"/>
  <testcase classname="com.TestNGDemos.D05FlipkartAssignment" name="tv" time="5.237"/>
</testsuite> <!-- com.TestNGDemos.D05FlipkartAssignment -->
