<?xml version="1.0" encoding="UTF-8"?>
<!-- Generated by org.testng.reporters.JUnitReportReporter -->
<testsuite hostname="DESKTOP-G8O6OG0" failures="0" tests="4" name="com.TestNGDemos.D03BeforeTest_AfterTest" time="7.806" errors="0" timestamp="2024-10-10T19:29:11 IST" skipped="0">
  <testcase classname="com.TestNGDemos.D03BeforeTest_AfterTest" name="testMeesho" time="1.393"/>
  <testcase classname="com.TestNGDemos.D03BeforeTest_AfterTest" name="testMyntra" time="1.955"/>
  <testcase classname="com.TestNGDemos.D03BeforeTest_AfterTest" name="testFlipkart" time="2.402"/>
  <testcase classname="com.TestNGDemos.D03BeforeTest_AfterTest" name="testAmazon" time="2.056"/>
</testsuite> <!-- com.TestNGDemos.D03BeforeTest_AfterTest -->
