<?xml version="1.0" encoding="UTF-8"?>
<!-- Generated by org.testng.reporters.JUnitReportReporter -->
<testsuite hostname="DESKTOP-G8O6OG0" failures="0" tests="4" name="com.TestNGDemos.D02MultipleTests" time="68.767" errors="0" timestamp="2024-10-21T19:11:53 IST" skipped="0">
  <testcase classname="com.TestNGDemos.D02MultipleTests" name="testMeesho" time="23.333"/>
  <testcase classname="com.TestNGDemos.D02MultipleTests" name="testMyntra" time="17.618"/>
  <testcase classname="com.TestNGDemos.D02MultipleTests" name="testFlipkart" time="12.041"/>
  <testcase classname="com.TestNGDemos.D02MultipleTests" name="testAmazon" time="15.775"/>
</testsuite> <!-- com.TestNGDemos.D02MultipleTests -->
