<?xml version="1.0" encoding="UTF-8"?>
<!-- Generated by org.testng.reporters.JUnitReportReporter -->
<testsuite hostname="DESKTOP-G8O6OG0" failures="0" tests="4" name="com.TestNGDemos.D04BeforeMethod_AfterMethod" time="9.199" errors="0" timestamp="2024-10-10T19:54:41 IST" skipped="0">
  <testcase classname="com.TestNGDemos.D04BeforeMethod_AfterMethod" name="testMeesho" time="1.879"/>
  <testcase classname="com.TestNGDemos.D04BeforeMethod_AfterMethod" name="testMyntra" time="2.762"/>
  <testcase classname="com.TestNGDemos.D04BeforeMethod_AfterMethod" name="testFlipkart" time="2.501"/>
  <testcase classname="com.TestNGDemos.D04BeforeMethod_AfterMethod" name="testAmazon" time="2.057"/>
</testsuite> <!-- com.TestNGDemos.D04BeforeMethod_AfterMethod -->
