<?xml version="1.0" encoding="UTF-8"?>
<!-- Generated by org.testng.reporters.JUnitReportReporter -->
<testsuite hostname="DESKTOP-G8O6OG0" failures="0" tests="1" name="com.TestNGDemos.D11WriteDataToExcel" time="0.084" errors="0" timestamp="2024-10-24T20:18:56 IST" skipped="0">
  <testcase classname="com.TestNGDemos.D11WriteDataToExcel" name="writeData" time="0.084"/>
</testsuite> <!-- com.TestNGDemos.D11WriteDataToExcel -->
