<?xml version="1.0" encoding="UTF-8"?>
<!-- Generated by org.testng.reporters.JUnitReportReporter -->
<testsuite hostname="DESKTOP-G8O6OG0" failures="0" tests="4" name="com.TestNGDemos.D05FlipkartAssignment" time="17.873" errors="0" timestamp="2024-10-10T20:19:59 IST" skipped="0">
  <testcase classname="com.TestNGDemos.D05FlipkartAssignment" name="mobiles" time="5.021"/>
  <testcase classname="com.TestNGDemos.D05FlipkartAssignment" name="tv" time="4.937"/>
  <testcase classname="com.TestNGDemos.D05FlipkartAssignment" name="fashion" time="3.456"/>
  <testcase classname="com.TestNGDemos.D05FlipkartAssignment" name="beauty" time="4.459"/>
</testsuite> <!-- com.TestNGDemos.D05FlipkartAssignment -->
