<?xml version="1.0" encoding="UTF-8"?>
<!-- Generated by org.testng.reporters.JUnitReportReporter -->
<testsuite hostname="DESKTOP-G8O6OG0" failures="0" tests="7" name="com.TestNGDemos.D13LoginToOHRM_DDF" time="14.350" errors="0" timestamp="2024-10-26T20:46:55 IST" skipped="0">
  <testcase classname="com.TestNGDemos.D13LoginToOHRM_DDF" name="loginToOHRM" time="1.904"/>
  <testcase classname="com.TestNGDemos.D13LoginToOHRM_DDF" name="loginToOHRM" time="0.550"/>
  <testcase classname="com.TestNGDemos.D13LoginToOHRM_DDF" name="loginToOHRM" time="2.910"/>
  <testcase classname="com.TestNGDemos.D13LoginToOHRM_DDF" name="loginToOHRM" time="1.230"/>
  <testcase classname="com.TestNGDemos.D13LoginToOHRM_DDF" name="loginToOHRM" time="1.324"/>
  <testcase classname="com.TestNGDemos.D13LoginToOHRM_DDF" name="loginToOHRM" time="4.979"/>
  <testcase classname="com.TestNGDemos.D13LoginToOHRM_DDF" name="loginToOHRM" time="1.453"/>
</testsuite> <!-- com.TestNGDemos.D13LoginToOHRM_DDF -->
