<?xml version="1.0" encoding="UTF-8"?>
<!-- Generated by org.testng.reporters.JUnitReportReporter -->
<testsuite hostname="DESKTOP-G8O6OG0" failures="0" tests="4" name="com.TestNGDemos.D02MultipleTests" time="26.020" errors="0" timestamp="2024-10-18T19:50:09 IST" skipped="0">
  <testcase classname="com.TestNGDemos.D02MultipleTests" name="testMeesho" time="6.697"/>
  <testcase classname="com.TestNGDemos.D02MultipleTests" name="testMyntra" time="6.764"/>
  <testcase classname="com.TestNGDemos.D02MultipleTests" name="testFlipkart" time="6.366"/>
  <testcase classname="com.TestNGDemos.D02MultipleTests" name="testAmazon" time="6.193"/>
</testsuite> <!-- com.TestNGDemos.D02MultipleTests -->
