<?xml version="1.0" encoding="UTF-8"?>
<!-- Generated by org.testng.reporters.JUnitReportReporter -->
<testsuite hostname="DESKTOP-G8O6OG0" failures="0" tests="1" name="com.TestNGDemos.D10POM_Client" time="6.316" errors="0" timestamp="2024-10-22T19:36:17 IST" skipped="0">
  <testcase classname="com.TestNGDemos.D10POM_Client" name="createAccount" time="6.316"/>
</testsuite> <!-- com.TestNGDemos.D10POM_Client -->
